<?xml version="1.0" encoding="utf-8"?><testsuite errors="0" failures="0" name="pytest" skips="0" tests="8" time="0.728"><testcase classname="pytests.test_index" file="pytests/test_index.py" line="10" name="test_conda_environment_activated" time="0.011442422866821289"></testcase><testcase classname="pytests.test_index" file="pytests/test_index.py" line="13" name="test_restaurant_name_func" time="0.0014798641204833984"></testcase><testcase classname="pytests.test_index" file="pytests/test_index.py" line="18" name="test_restaurant_rating_func" time="0.0015230178833007812"></testcase><testcase classname="pytests.test_index" file="pytests/test_index.py" line="23" name="test_is_better_func" time="0.0011799335479736328"></testcase><testcase classname="pytests.test_index" file="pytests/test_index.py" line="29" name="test_is_cheaper_func" time="0.001087188720703125"></testcase><testcase classname="pytests.test_index" file="pytests/test_index.py" line="35" name="test_high_rating_func" time="0.0012600421905517578"></testcase><testcase classname="pytests.test_index" file="pytests/test_index.py" line="41" name="test_mean_review_count_func" time="0.0016891956329345703"></testcase><testcase classname="pytests.test_index" file="pytests/test_index.py" line="45" name="test_mediam_review_count_func" time="0.0012888908386230469"></testcase></testsuite>